<?xml version="1.0" encoding="UTF-8"?>
<testsuite name="SouthTest" tests="3" skipped="0" failures="0" errors="0" timestamp="2018-04-14T11:41:22" hostname="in-shubhaj.local" time="0.007">
  <properties/>
  <testcase name="shouldMinusOneUnitOfYAxisFromGivenPosition" classname="SouthTest" time="0.004"/>
  <testcase name="shouldGiveEastForItsLeftDirection" classname="SouthTest" time="0.0"/>
  <testcase name="shouldGiveEastForItsRightDirection" classname="SouthTest" time="0.0"/>
  <system-out><![CDATA[]]></system-out>
  <system-err><![CDATA[]]></system-err>
</testsuite>
