<?xml version="1.0" encoding="UTF-8"?>
<testsuite name="WestTest" tests="3" skipped="0" failures="0" errors="0" timestamp="2018-04-14T11:41:22" hostname="in-shubhaj.local" time="0.004">
  <properties/>
  <testcase name="shouldMinusOneUnitOfXAxisFromGivenPosition" classname="WestTest" time="0.0"/>
  <testcase name="shouldGiveEastForItsLeftDirection" classname="WestTest" time="0.0"/>
  <testcase name="shouldGiveEastForItsRightDirection" classname="WestTest" time="0.0"/>
  <system-out><![CDATA[]]></system-out>
  <system-err><![CDATA[]]></system-err>
</testsuite>
