<?xml version="1.0" encoding="UTF-8"?>
<testsuite name="NorthTest" tests="3" skipped="0" failures="0" errors="0" timestamp="2018-04-14T11:41:19" hostname="in-shubhaj.local" time="0.028">
  <properties/>
  <testcase name="shouldAddOneUnitOfYAxisFromGivenPosition" classname="NorthTest" time="0.005"/>
  <testcase name="shouldGiveEastForItsLeftDirection" classname="NorthTest" time="0.004"/>
  <testcase name="shouldGiveEastForItsRightDirection" classname="NorthTest" time="0.006"/>
  <system-out><![CDATA[]]></system-out>
  <system-err><![CDATA[]]></system-err>
</testsuite>
