<?xml version="1.0" encoding="UTF-8"?>
<testsuite name="EastTest" tests="3" skipped="0" failures="0" errors="0" timestamp="2018-04-14T11:41:19" hostname="in-shubhaj.local" time="0.029">
  <properties/>
  <testcase name="shouldMinusOneUnitOfXAxisFromGivenPosition" classname="EastTest" time="0.024"/>
  <testcase name="shouldGiveEastForItsLeftDirection" classname="EastTest" time="0.002"/>
  <testcase name="shouldGiveEastForItsRightDirection" classname="EastTest" time="0.001"/>
  <system-out><![CDATA[]]></system-out>
  <system-err><![CDATA[]]></system-err>
</testsuite>
