<?xml version="1.0" encoding="UTF-8"?>
<testsuite name="RoverTest" tests="4" skipped="0" failures="0" errors="0" timestamp="2018-04-14T11:41:21" hostname="in-shubhaj.local" time="0.98">
  <properties/>
  <testcase name="shouldTurnRight" classname="RoverTest" time="0.956"/>
  <testcase name="shouldTurnLeft" classname="RoverTest" time="0.002"/>
  <testcase name="shouldMove" classname="RoverTest" time="0.013"/>
  <testcase name="shouldGivePositionInSpaceSeparatedFormat" classname="RoverTest" time="0.003"/>
  <system-out><![CDATA[]]></system-out>
  <system-err><![CDATA[]]></system-err>
</testsuite>
